<?xml version="1.0" encoding="UTF-8"?>
<testng-results ignored="0" total="1" passed="1" failed="0" skipped="0">
  <reporter-output>
  </reporter-output>
  <suite started-at="2023-11-29T20:51:39 EET" name="Default suite" finished-at="2023-11-29T20:51:41 EET" duration-ms="2298">
    <groups>
    </groups>
    <test started-at="2023-11-29T20:51:39 EET" name="Default test" finished-at="2023-11-29T20:51:41 EET" duration-ms="2298">
      <class name="any.any2">
        <test-method is-config="true" signature="MyBeforeTest()[pri:0, instance:any.any2@f74e835]" started-at="2023-11-29T20:51:39 EET" name="MyBeforeTest" finished-at="2023-11-29T20:51:41 EET" duration-ms="1517" status="PASS">
          <reporter-output>
          </reporter-output>
        </test-method> <!-- MyBeforeTest -->
        <test-method signature="FirstTest()[pri:0, instance:any.any2@f74e835]" started-at="2023-11-29T20:51:41 EET" name="FirstTest" finished-at="2023-11-29T20:51:41 EET" duration-ms="678" status="PASS">
          <reporter-output>
          </reporter-output>
        </test-method> <!-- FirstTest -->
        <test-method is-config="true" signature="MyAfterTest()[pri:0, instance:any.any2@f74e835]" started-at="2023-11-29T20:51:41 EET" name="MyAfterTest" finished-at="2023-11-29T20:51:41 EET" duration-ms="4" status="PASS">
          <reporter-output>
          </reporter-output>
        </test-method> <!-- MyAfterTest -->
      </class> <!-- any.any2 -->
    </test> <!-- Default test -->
  </suite> <!-- Default suite -->
</testng-results>
