<?xml version="1.0" encoding="UTF-8"?>
<testng-results ignored="0" total="1" passed="1" failed="0" skipped="0">
  <reporter-output>
  </reporter-output>
  <suite started-at="2023-11-29T19:07:03 EET" name="Default suite" finished-at="2023-11-29T19:07:06 EET" duration-ms="2932">
    <groups>
    </groups>
    <test started-at="2023-11-29T19:07:03 EET" name="Default test" finished-at="2023-11-29T19:07:06 EET" duration-ms="2932">
      <class name="any.any2">
        <test-method is-config="true" signature="MyBeforeTest()[pri:0, instance:any.any2@3276732]" started-at="2023-11-29T19:07:03 EET" name="MyBeforeTest" finished-at="2023-11-29T19:07:05 EET" duration-ms="1934" status="PASS">
          <reporter-output>
          </reporter-output>
        </test-method> <!-- MyBeforeTest -->
        <test-method signature="FirstTest()[pri:0, instance:any.any2@3276732]" started-at="2023-11-29T19:07:05 EET" name="FirstTest" finished-at="2023-11-29T19:07:06 EET" duration-ms="902" status="PASS">
          <reporter-output>
          </reporter-output>
        </test-method> <!-- FirstTest -->
        <test-method is-config="true" signature="MyAfterTest()[pri:0, instance:any.any2@3276732]" started-at="2023-11-29T19:07:06 EET" name="MyAfterTest" finished-at="2023-11-29T19:07:06 EET" duration-ms="2" status="PASS">
          <reporter-output>
          </reporter-output>
        </test-method> <!-- MyAfterTest -->
      </class> <!-- any.any2 -->
    </test> <!-- Default test -->
  </suite> <!-- Default suite -->
</testng-results>
